e:\opengl\projects\demo\debug\demo.pch
e:\opengl\projects\demo\debug\vc140.pdb
e:\opengl\projects\demo\debug\vc140.idb
e:\opengl\projects\demo\debug\stdafx.obj
e:\opengl\projects\demo\debug\demo.obj
e:\opengl\glfw-3.2.1\build\debug\demo.pdb
e:\opengl\projects\demo\debug\demo.tlog\cl.command.1.tlog
e:\opengl\projects\demo\debug\demo.tlog\cl.read.1.tlog
e:\opengl\projects\demo\debug\demo.tlog\cl.write.1.tlog
e:\opengl\projects\demo\debug\demo.tlog\link-cvtres.read.1.tlog
e:\opengl\projects\demo\debug\demo.tlog\link-cvtres.write.1.tlog
e:\opengl\projects\demo\debug\demo.tlog\link-rc.read.1.tlog
e:\opengl\projects\demo\debug\demo.tlog\link-rc.write.1.tlog
e:\opengl\projects\demo\debug\demo.tlog\link.13564-cvtres.read.1.tlog
e:\opengl\projects\demo\debug\demo.tlog\link.13564-cvtres.write.1.tlog
e:\opengl\projects\demo\debug\demo.tlog\link.13564-rc.read.1.tlog
e:\opengl\projects\demo\debug\demo.tlog\link.13564-rc.write.1.tlog
e:\opengl\projects\demo\debug\demo.tlog\link.13564.read.1.tlog
e:\opengl\projects\demo\debug\demo.tlog\link.13564.write.1.tlog
e:\opengl\projects\demo\debug\demo.tlog\link.command.1.tlog
e:\opengl\projects\demo\debug\demo.tlog\link.read.1.tlog
e:\opengl\projects\demo\debug\demo.tlog\link.write.1.tlog
